<?xml version="1.0" encoding="UTF-8"?>
<!-- Generated by org.testng.reporters.JUnitReportReporter -->
<testsuite skipped="0" hostname="idea-PC" name="com.mfi.qa.testCases.TC_LoginPage_002" tests="1" failures="0" timestamp="12 May 2020 06:10:52 GMT" time="39.020" errors="0">
  <testcase name="LoginCheckTest" time="39.020" classname="com.mfi.qa.testCases.TC_LoginPage_002"/>
</testsuite> <!-- com.mfi.qa.testCases.TC_LoginPage_002 -->
